{"C:\\Users\\cefalo\\Desktop\\New folder\\Daily-Stories\\config\\mysqlConfig.js": {"path":"C:\\Users\\cefalo\\Desktop\\New folder\\Daily-Stories\\config\\mysqlConfig.js","statementMap":{"0":{"start":{"line":1,"column":0},"end":{"line":7,"column":2}}},"fnMap":{},"branchMap":{},"s":{"0":3},"f":{},"b":{},"_coverageSchema":"1a1c01bbd47fc00a2c39e90264f33305004495a9","hash":"4b93493205d35e11dfb0ebc60a9d7e958000cc4b"}
,"C:\\Users\\cefalo\\Desktop\\New folder\\Daily-Stories\\controllers\\storyController.js": {"path":"C:\\Users\\cefalo\\Desktop\\New folder\\Daily-Stories\\controllers\\storyController.js","statementMap":{"0":{"start":{"line":3,"column":19},"end":{"line":3,"column":49}},"1":{"start":{"line":4,"column":17},"end":{"line":4,"column":45}},"2":{"start":{"line":5,"column":24},"end":{"line":5,"column":59}},"3":{"start":{"line":7,"column":24},"end":{"line":7,"column":53}},"4":{"start":{"line":9,"column":0},"end":{"line":14,"column":3}},"5":{"start":{"line":10,"column":19},"end":{"line":10,"column":58}},"6":{"start":{"line":11,"column":2},"end":{"line":11,"column":28}},"7":{"start":{"line":12,"column":2},"end":{"line":12,"column":75}},"8":{"start":{"line":13,"column":2},"end":{"line":13,"column":9}},"9":{"start":{"line":16,"column":0},"end":{"line":20,"column":3}},"10":{"start":{"line":17,"column":18},"end":{"line":17,"column":49}},"11":{"start":{"line":19,"column":2},"end":{"line":19,"column":73}},"12":{"start":{"line":22,"column":0},"end":{"line":28,"column":3}},"13":{"start":{"line":23,"column":16},"end":{"line":23,"column":57}},"14":{"start":{"line":25,"column":2},"end":{"line":25,"column":76}},"15":{"start":{"line":25,"column":14},"end":{"line":25,"column":76}},"16":{"start":{"line":27,"column":2},"end":{"line":27,"column":69}},"17":{"start":{"line":30,"column":0},"end":{"line":45,"column":3}},"18":{"start":{"line":31,"column":16},"end":{"line":31,"column":70}},"19":{"start":{"line":33,"column":2},"end":{"line":35,"column":3}},"20":{"start":{"line":34,"column":4},"end":{"line":34,"column":66}},"21":{"start":{"line":37,"column":2},"end":{"line":44,"column":4}},"22":{"start":{"line":47,"column":0},"end":{"line":53,"column":3}},"23":{"start":{"line":48,"column":16},"end":{"line":48,"column":60}},"24":{"start":{"line":50,"column":2},"end":{"line":50,"column":76}},"25":{"start":{"line":50,"column":14},"end":{"line":50,"column":76}},"26":{"start":{"line":52,"column":2},"end":{"line":52,"column":51}}},"fnMap":{"0":{"name":"(anonymous_0)","decl":{"start":{"line":9,"column":33},"end":{"line":9,"column":34}},"loc":{"start":{"line":9,"column":59},"end":{"line":14,"column":1}},"line":9},"1":{"name":"(anonymous_1)","decl":{"start":{"line":16,"column":33},"end":{"line":16,"column":34}},"loc":{"start":{"line":16,"column":59},"end":{"line":20,"column":1}},"line":16},"2":{"name":"(anonymous_2)","decl":{"start":{"line":22,"column":30},"end":{"line":22,"column":31}},"loc":{"start":{"line":22,"column":56},"end":{"line":28,"column":1}},"line":22},"3":{"name":"(anonymous_3)","decl":{"start":{"line":30,"column":33},"end":{"line":30,"column":34}},"loc":{"start":{"line":30,"column":59},"end":{"line":45,"column":1}},"line":30},"4":{"name":"(anonymous_4)","decl":{"start":{"line":47,"column":33},"end":{"line":47,"column":34}},"loc":{"start":{"line":47,"column":59},"end":{"line":53,"column":1}},"line":47}},"branchMap":{"0":{"loc":{"start":{"line":25,"column":2},"end":{"line":25,"column":76}},"type":"if","locations":[{"start":{"line":25,"column":2},"end":{"line":25,"column":76}},{"start":{},"end":{}}],"line":25},"1":{"loc":{"start":{"line":33,"column":2},"end":{"line":35,"column":3}},"type":"if","locations":[{"start":{"line":33,"column":2},"end":{"line":35,"column":3}},{"start":{},"end":{}}],"line":33},"2":{"loc":{"start":{"line":50,"column":2},"end":{"line":50,"column":76}},"type":"if","locations":[{"start":{"line":50,"column":2},"end":{"line":50,"column":76}},{"start":{},"end":{}}],"line":50}},"s":{"0":1,"1":1,"2":1,"3":1,"4":1,"5":1,"6":1,"7":1,"8":0,"9":1,"10":0,"11":0,"12":1,"13":0,"14":0,"15":0,"16":0,"17":1,"18":0,"19":0,"20":0,"21":0,"22":1,"23":0,"24":0,"25":0,"26":0},"f":{"0":1,"1":0,"2":0,"3":0,"4":0},"b":{"0":[0,0],"1":[0,0],"2":[0,0]},"_coverageSchema":"1a1c01bbd47fc00a2c39e90264f33305004495a9","hash":"4a020b98f3834b766182b49f1ac1b194648dde68"}
,"C:\\Users\\cefalo\\Desktop\\New folder\\Daily-Stories\\data\\stories.js": {"path":"C:\\Users\\cefalo\\Desktop\\New folder\\Daily-Stories\\data\\stories.js","statementMap":{"0":{"start":{"line":1,"column":0},"end":{"line":26,"column":2}}},"fnMap":{},"branchMap":{},"s":{"0":2},"f":{},"b":{},"_coverageSchema":"1a1c01bbd47fc00a2c39e90264f33305004495a9","hash":"e733c14cd6ee5ea2b30e7c206083dc57d2fd8381"}
,"C:\\Users\\cefalo\\Desktop\\New folder\\Daily-Stories\\data\\users.js": {"path":"C:\\Users\\cefalo\\Desktop\\New folder\\Daily-Stories\\data\\users.js","statementMap":{"0":{"start":{"line":1,"column":0},"end":{"line":32,"column":2}}},"fnMap":{},"branchMap":{},"s":{"0":1},"f":{},"b":{},"_coverageSchema":"1a1c01bbd47fc00a2c39e90264f33305004495a9","hash":"41b9d38a97ca4b7e218d4bfda6c90d09aeb1d772"}
,"C:\\Users\\cefalo\\Desktop\\New folder\\Daily-Stories\\database\\driver.js": {"path":"C:\\Users\\cefalo\\Desktop\\New folder\\Daily-Stories\\database\\driver.js","statementMap":{"0":{"start":{"line":1,"column":14},"end":{"line":1,"column":32}},"1":{"start":{"line":2,"column":21},"end":{"line":2,"column":56}},"2":{"start":{"line":3,"column":20},"end":{"line":3,"column":54}},"3":{"start":{"line":5,"column":20},"end":{"line":5,"column":31}},"4":{"start":{"line":7,"column":0},"end":{"line":7,"column":61}},"5":{"start":{"line":8,"column":0},"end":{"line":8,"column":58}},"6":{"start":{"line":9,"column":0},"end":{"line":9,"column":34}}},"fnMap":{},"branchMap":{},"s":{"0":3,"1":3,"2":3,"3":3,"4":3,"5":3,"6":3},"f":{},"b":{},"_coverageSchema":"1a1c01bbd47fc00a2c39e90264f33305004495a9","hash":"8264bc60e4a8ec78999897c9efddec15e3be58f4"}
,"C:\\Users\\cefalo\\Desktop\\New folder\\Daily-Stories\\database\\mysql.js": {"path":"C:\\Users\\cefalo\\Desktop\\New folder\\Daily-Stories\\database\\mysql.js","statementMap":{"0":{"start":{"line":1,"column":18},"end":{"line":1,"column":38}},"1":{"start":{"line":2,"column":17},"end":{"line":2,"column":49}},"2":{"start":{"line":3,"column":19},"end":{"line":3,"column":50}},"3":{"start":{"line":4,"column":18},"end":{"line":4,"column":48}},"4":{"start":{"line":6,"column":17},"end":{"line":9,"column":2}},"5":{"start":{"line":10,"column":0},"end":{"line":17,"column":5}},"6":{"start":{"line":11,"column":2},"end":{"line":16,"column":3}},"7":{"start":{"line":12,"column":4},"end":{"line":12,"column":34}},"8":{"start":{"line":13,"column":4},"end":{"line":13,"column":65}},"9":{"start":{"line":15,"column":4},"end":{"line":15,"column":63}},"10":{"start":{"line":19,"column":11},"end":{"line":19,"column":13}},"11":{"start":{"line":20,"column":0},"end":{"line":20,"column":23}},"12":{"start":{"line":21,"column":0},"end":{"line":21,"column":52}},"13":{"start":{"line":22,"column":0},"end":{"line":22,"column":49}},"14":{"start":{"line":26,"column":4},"end":{"line":26,"column":17}},"15":{"start":{"line":27,"column":4},"end":{"line":27,"column":22}},"16":{"start":{"line":31,"column":0},"end":{"line":31,"column":23}}},"fnMap":{"0":{"name":"(anonymous_0)","decl":{"start":{"line":10,"column":1},"end":{"line":10,"column":2}},"loc":{"start":{"line":10,"column":13},"end":{"line":17,"column":1}},"line":10},"1":{"name":"(anonymous_1)","decl":{"start":{"line":25,"column":2},"end":{"line":25,"column":3}},"loc":{"start":{"line":25,"column":16},"end":{"line":28,"column":3}},"line":25}},"branchMap":{},"s":{"0":3,"1":3,"2":3,"3":3,"4":3,"5":3,"6":3,"7":3,"8":0,"9":0,"10":3,"11":3,"12":3,"13":3,"14":3,"15":3,"16":3},"f":{"0":3,"1":3},"b":{},"_coverageSchema":"1a1c01bbd47fc00a2c39e90264f33305004495a9","hash":"a1442fbf6f57eb1cb35cc66f42aa4e7d07025c5c"}
,"C:\\Users\\cefalo\\Desktop\\New folder\\Daily-Stories\\models\\storyModel.js": {"path":"C:\\Users\\cefalo\\Desktop\\New folder\\Daily-Stories\\models\\storyModel.js","statementMap":{"0":{"start":{"line":1,"column":18},"end":{"line":1,"column":38}},"1":{"start":{"line":5,"column":4},"end":{"line":20,"column":7}},"2":{"start":{"line":24,"column":4},"end":{"line":24,"column":22}},"3":{"start":{"line":28,"column":0},"end":{"line":28,"column":28}}},"fnMap":{"0":{"name":"(anonymous_0)","decl":{"start":{"line":4,"column":2},"end":{"line":4,"column":3}},"loc":{"start":{"line":4,"column":18},"end":{"line":21,"column":3}},"line":4},"1":{"name":"(anonymous_1)","decl":{"start":{"line":23,"column":2},"end":{"line":23,"column":3}},"loc":{"start":{"line":23,"column":18},"end":{"line":25,"column":3}},"line":23}},"branchMap":{},"s":{"0":3,"1":3,"2":3,"3":3},"f":{"0":3,"1":3},"b":{},"_coverageSchema":"1a1c01bbd47fc00a2c39e90264f33305004495a9","hash":"2ec5f120b985d1527267dee07df31eb363f50cc5"}
,"C:\\Users\\cefalo\\Desktop\\New folder\\Daily-Stories\\models\\userModel.js": {"path":"C:\\Users\\cefalo\\Desktop\\New folder\\Daily-Stories\\models\\userModel.js","statementMap":{"0":{"start":{"line":1,"column":18},"end":{"line":1,"column":38}},"1":{"start":{"line":5,"column":4},"end":{"line":30,"column":7}},"2":{"start":{"line":34,"column":4},"end":{"line":34,"column":21}},"3":{"start":{"line":38,"column":0},"end":{"line":38,"column":27}}},"fnMap":{"0":{"name":"(anonymous_0)","decl":{"start":{"line":4,"column":2},"end":{"line":4,"column":3}},"loc":{"start":{"line":4,"column":18},"end":{"line":31,"column":3}},"line":4},"1":{"name":"(anonymous_1)","decl":{"start":{"line":33,"column":2},"end":{"line":33,"column":3}},"loc":{"start":{"line":33,"column":17},"end":{"line":35,"column":3}},"line":33}},"branchMap":{},"s":{"0":3,"1":3,"2":3,"3":3},"f":{"0":3,"1":3},"b":{},"_coverageSchema":"1a1c01bbd47fc00a2c39e90264f33305004495a9","hash":"8e057833c2484d4aecb5234e82292131dcbc1463"}
,"C:\\Users\\cefalo\\Desktop\\New folder\\Daily-Stories\\services\\storyService.js": {"path":"C:\\Users\\cefalo\\Desktop\\New folder\\Daily-Stories\\services\\storyService.js","statementMap":{"0":{"start":{"line":3,"column":4},"end":{"line":3,"column":33}},"1":{"start":{"line":6,"column":16},"end":{"line":9,"column":3}},"2":{"start":{"line":7,"column":21},"end":{"line":7,"column":58}},"3":{"start":{"line":8,"column":4},"end":{"line":8,"column":20}},"4":{"start":{"line":11,"column":16},"end":{"line":14,"column":3}},"5":{"start":{"line":12,"column":20},"end":{"line":12,"column":51}},"6":{"start":{"line":13,"column":4},"end":{"line":13,"column":19}},"7":{"start":{"line":16,"column":13},"end":{"line":19,"column":3}},"8":{"start":{"line":17,"column":18},"end":{"line":17,"column":66}},"9":{"start":{"line":18,"column":4},"end":{"line":18,"column":17}},"10":{"start":{"line":21,"column":16},"end":{"line":24,"column":3}},"11":{"start":{"line":22,"column":18},"end":{"line":22,"column":71}},"12":{"start":{"line":23,"column":4},"end":{"line":23,"column":17}},"13":{"start":{"line":26,"column":16},"end":{"line":31,"column":3}},"14":{"start":{"line":27,"column":18},"end":{"line":29,"column":6}},"15":{"start":{"line":30,"column":4},"end":{"line":30,"column":17}},"16":{"start":{"line":34,"column":0},"end":{"line":34,"column":30}}},"fnMap":{"0":{"name":"(anonymous_0)","decl":{"start":{"line":2,"column":2},"end":{"line":2,"column":3}},"loc":{"start":{"line":2,"column":26},"end":{"line":4,"column":3}},"line":2},"1":{"name":"(anonymous_1)","decl":{"start":{"line":6,"column":16},"end":{"line":6,"column":17}},"loc":{"start":{"line":6,"column":35},"end":{"line":9,"column":3}},"line":6},"2":{"name":"(anonymous_2)","decl":{"start":{"line":11,"column":16},"end":{"line":11,"column":17}},"loc":{"start":{"line":11,"column":28},"end":{"line":14,"column":3}},"line":11},"3":{"name":"(anonymous_3)","decl":{"start":{"line":16,"column":13},"end":{"line":16,"column":14}},"loc":{"start":{"line":16,"column":27},"end":{"line":19,"column":3}},"line":16},"4":{"name":"(anonymous_4)","decl":{"start":{"line":21,"column":16},"end":{"line":21,"column":17}},"loc":{"start":{"line":21,"column":36},"end":{"line":24,"column":3}},"line":21},"5":{"name":"(anonymous_5)","decl":{"start":{"line":26,"column":16},"end":{"line":26,"column":17}},"loc":{"start":{"line":26,"column":30},"end":{"line":31,"column":3}},"line":26}},"branchMap":{},"s":{"0":3,"1":3,"2":1,"3":1,"4":3,"5":1,"6":1,"7":3,"8":1,"9":1,"10":3,"11":1,"12":1,"13":3,"14":1,"15":1,"16":3},"f":{"0":3,"1":1,"2":1,"3":1,"4":1,"5":1},"b":{},"_coverageSchema":"1a1c01bbd47fc00a2c39e90264f33305004495a9","hash":"97dd7dbe18ba67d09fe78bef308da70b89a75abe"}
,"C:\\Users\\cefalo\\Desktop\\New folder\\Daily-Stories\\services\\userService.js": {"path":"C:\\Users\\cefalo\\Desktop\\New folder\\Daily-Stories\\services\\userService.js","statementMap":{"0":{"start":{"line":1,"column":15},"end":{"line":1,"column":34}},"1":{"start":{"line":5,"column":4},"end":{"line":5,"column":31}},"2":{"start":{"line":8,"column":15},"end":{"line":18,"column":3}},"3":{"start":{"line":9,"column":20},"end":{"line":13,"column":5}},"4":{"start":{"line":15,"column":17},"end":{"line":15,"column":53}},"5":{"start":{"line":17,"column":4},"end":{"line":17,"column":16}},"6":{"start":{"line":20,"column":15},"end":{"line":24,"column":3}},"7":{"start":{"line":21,"column":18},"end":{"line":21,"column":48}},"8":{"start":{"line":23,"column":4},"end":{"line":23,"column":17}},"9":{"start":{"line":26,"column":12},"end":{"line":29,"column":3}},"10":{"start":{"line":27,"column":17},"end":{"line":27,"column":64}},"11":{"start":{"line":28,"column":4},"end":{"line":28,"column":16}},"12":{"start":{"line":31,"column":15},"end":{"line":41,"column":3}},"13":{"start":{"line":32,"column":20},"end":{"line":36,"column":5}},"14":{"start":{"line":37,"column":17},"end":{"line":39,"column":6}},"15":{"start":{"line":40,"column":4},"end":{"line":40,"column":16}},"16":{"start":{"line":43,"column":15},"end":{"line":49,"column":3}},"17":{"start":{"line":44,"column":17},"end":{"line":46,"column":6}},"18":{"start":{"line":48,"column":4},"end":{"line":48,"column":16}},"19":{"start":{"line":52,"column":0},"end":{"line":52,"column":29}}},"fnMap":{"0":{"name":"(anonymous_0)","decl":{"start":{"line":4,"column":2},"end":{"line":4,"column":3}},"loc":{"start":{"line":4,"column":25},"end":{"line":6,"column":3}},"line":4},"1":{"name":"(anonymous_1)","decl":{"start":{"line":8,"column":15},"end":{"line":8,"column":16}},"loc":{"start":{"line":8,"column":31},"end":{"line":18,"column":3}},"line":8},"2":{"name":"(anonymous_2)","decl":{"start":{"line":20,"column":15},"end":{"line":20,"column":16}},"loc":{"start":{"line":20,"column":27},"end":{"line":24,"column":3}},"line":20},"3":{"name":"(anonymous_3)","decl":{"start":{"line":26,"column":12},"end":{"line":26,"column":13}},"loc":{"start":{"line":26,"column":26},"end":{"line":29,"column":3}},"line":26},"4":{"name":"(anonymous_4)","decl":{"start":{"line":31,"column":15},"end":{"line":31,"column":16}},"loc":{"start":{"line":31,"column":35},"end":{"line":41,"column":3}},"line":31},"5":{"name":"(anonymous_5)","decl":{"start":{"line":43,"column":15},"end":{"line":43,"column":16}},"loc":{"start":{"line":43,"column":29},"end":{"line":49,"column":3}},"line":43}},"branchMap":{},"s":{"0":3,"1":3,"2":3,"3":1,"4":1,"5":1,"6":3,"7":1,"8":1,"9":3,"10":1,"11":1,"12":3,"13":1,"14":1,"15":1,"16":3,"17":1,"18":1,"19":3},"f":{"0":3,"1":1,"2":1,"3":1,"4":1,"5":1},"b":{},"_coverageSchema":"1a1c01bbd47fc00a2c39e90264f33305004495a9","hash":"f509d328d90e8cce3dd0d20581404726285bf450"}
,"C:\\Users\\cefalo\\Desktop\\New folder\\Daily-Stories\\utils\\appError.js": {"path":"C:\\Users\\cefalo\\Desktop\\New folder\\Daily-Stories\\utils\\appError.js","statementMap":{"0":{"start":{"line":3,"column":4},"end":{"line":3,"column":19}},"1":{"start":{"line":5,"column":4},"end":{"line":5,"column":33}},"2":{"start":{"line":6,"column":4},"end":{"line":6,"column":69}},"3":{"start":{"line":7,"column":4},"end":{"line":7,"column":30}},"4":{"start":{"line":8,"column":4},"end":{"line":8,"column":52}},"5":{"start":{"line":11,"column":0},"end":{"line":11,"column":26}}},"fnMap":{"0":{"name":"(anonymous_0)","decl":{"start":{"line":2,"column":2},"end":{"line":2,"column":3}},"loc":{"start":{"line":2,"column":35},"end":{"line":9,"column":3}},"line":2}},"branchMap":{"0":{"loc":{"start":{"line":6,"column":18},"end":{"line":6,"column":68}},"type":"cond-expr","locations":[{"start":{"line":6,"column":52},"end":{"line":6,"column":58}},{"start":{"line":6,"column":61},"end":{"line":6,"column":68}}],"line":6}},"s":{"0":0,"1":0,"2":0,"3":0,"4":0,"5":1},"f":{"0":0},"b":{"0":[0,0]},"_coverageSchema":"1a1c01bbd47fc00a2c39e90264f33305004495a9","hash":"483a20ddd5bd5ff5abfbd1062bbea97f29be4504"}
,"C:\\Users\\cefalo\\Desktop\\New folder\\Daily-Stories\\utils\\catchAsync.js": {"path":"C:\\Users\\cefalo\\Desktop\\New folder\\Daily-Stories\\utils\\catchAsync.js","statementMap":{"0":{"start":{"line":1,"column":0},"end":{"line":3,"column":2}},"1":{"start":{"line":1,"column":25},"end":{"line":3,"column":1}},"2":{"start":{"line":2,"column":2},"end":{"line":2,"column":33}}},"fnMap":{"0":{"name":"(anonymous_0)","decl":{"start":{"line":1,"column":17},"end":{"line":1,"column":18}},"loc":{"start":{"line":1,"column":25},"end":{"line":3,"column":1}},"line":1},"1":{"name":"(anonymous_1)","decl":{"start":{"line":1,"column":25},"end":{"line":1,"column":26}},"loc":{"start":{"line":1,"column":45},"end":{"line":3,"column":1}},"line":1}},"branchMap":{},"s":{"0":1,"1":5,"2":1},"f":{"0":5,"1":1},"b":{},"_coverageSchema":"1a1c01bbd47fc00a2c39e90264f33305004495a9","hash":"3d2442d6a371740011f6fe568db8226a8dba3857"}
,"C:\\Users\\cefalo\\Desktop\\New folder\\Daily-Stories\\utils\\responseHandler.js": {"path":"C:\\Users\\cefalo\\Desktop\\New folder\\Daily-Stories\\utils\\responseHandler.js","statementMap":{"0":{"start":{"line":1,"column":23},"end":{"line":1,"column":46}},"1":{"start":{"line":2,"column":18},"end":{"line":2,"column":41}},"2":{"start":{"line":3,"column":23},"end":{"line":3,"column":52}},"3":{"start":{"line":5,"column":25},"end":{"line":14,"column":1}},"4":{"start":{"line":7,"column":2},"end":{"line":7,"column":45}},"5":{"start":{"line":8,"column":19},"end":{"line":12,"column":4}},"6":{"start":{"line":13,"column":2},"end":{"line":13,"column":47}},"7":{"start":{"line":16,"column":24},"end":{"line":25,"column":1}},"8":{"start":{"line":18,"column":2},"end":{"line":18,"column":51}},"9":{"start":{"line":19,"column":18},"end":{"line":23,"column":4}},"10":{"start":{"line":24,"column":2},"end":{"line":24,"column":46}},"11":{"start":{"line":27,"column":25},"end":{"line":39,"column":1}},"12":{"start":{"line":29,"column":2},"end":{"line":29,"column":46}},"13":{"start":{"line":30,"column":19},"end":{"line":36,"column":3}},"14":{"start":{"line":37,"column":24},"end":{"line":37,"column":60}},"15":{"start":{"line":38,"column":2},"end":{"line":38,"column":52}},"16":{"start":{"line":41,"column":25},"end":{"line":48,"column":1}},"17":{"start":{"line":42,"column":2},"end":{"line":42,"column":22}},"18":{"start":{"line":43,"column":2},"end":{"line":47,"column":5}},"19":{"start":{"line":49,"column":0},"end":{"line":59,"column":2}},"20":{"start":{"line":50,"column":24},"end":{"line":50,"column":43}},"21":{"start":{"line":51,"column":2},"end":{"line":51,"column":31}},"22":{"start":{"line":52,"column":2},"end":{"line":58,"column":78}},"23":{"start":{"line":53,"column":4},"end":{"line":53,"column":72}},"24":{"start":{"line":54,"column":9},"end":{"line":58,"column":78}},"25":{"start":{"line":55,"column":4},"end":{"line":55,"column":73}},"26":{"start":{"line":56,"column":9},"end":{"line":58,"column":78}},"27":{"start":{"line":57,"column":4},"end":{"line":57,"column":73}},"28":{"start":{"line":58,"column":9},"end":{"line":58,"column":78}}},"fnMap":{"0":{"name":"(anonymous_0)","decl":{"start":{"line":5,"column":25},"end":{"line":5,"column":26}},"loc":{"start":{"line":5,"column":74},"end":{"line":14,"column":1}},"line":5},"1":{"name":"(anonymous_1)","decl":{"start":{"line":16,"column":24},"end":{"line":16,"column":25}},"loc":{"start":{"line":16,"column":73},"end":{"line":25,"column":1}},"line":16},"2":{"name":"(anonymous_2)","decl":{"start":{"line":27,"column":25},"end":{"line":27,"column":26}},"loc":{"start":{"line":27,"column":74},"end":{"line":39,"column":1}},"line":27},"3":{"name":"(anonymous_3)","decl":{"start":{"line":41,"column":25},"end":{"line":41,"column":26}},"loc":{"start":{"line":41,"column":74},"end":{"line":48,"column":1}},"line":41},"4":{"name":"(anonymous_4)","decl":{"start":{"line":49,"column":17},"end":{"line":49,"column":18}},"loc":{"start":{"line":49,"column":66},"end":{"line":59,"column":1}},"line":49}},"branchMap":{"0":{"loc":{"start":{"line":50,"column":24},"end":{"line":50,"column":43}},"type":"binary-expr","locations":[{"start":{"line":50,"column":24},"end":{"line":50,"column":30}},{"start":{"line":50,"column":34},"end":{"line":50,"column":43}}],"line":50},"1":{"loc":{"start":{"line":52,"column":2},"end":{"line":58,"column":78}},"type":"if","locations":[{"start":{"line":52,"column":2},"end":{"line":58,"column":78}},{"start":{"line":54,"column":9},"end":{"line":58,"column":78}}],"line":52},"2":{"loc":{"start":{"line":54,"column":9},"end":{"line":58,"column":78}},"type":"if","locations":[{"start":{"line":54,"column":9},"end":{"line":58,"column":78}},{"start":{"line":56,"column":9},"end":{"line":58,"column":78}}],"line":54},"3":{"loc":{"start":{"line":56,"column":9},"end":{"line":58,"column":78}},"type":"if","locations":[{"start":{"line":56,"column":9},"end":{"line":58,"column":78}},{"start":{"line":58,"column":9},"end":{"line":58,"column":78}}],"line":56}},"s":{"0":1,"1":1,"2":1,"3":1,"4":0,"5":0,"6":0,"7":1,"8":0,"9":0,"10":0,"11":1,"12":0,"13":0,"14":0,"15":0,"16":1,"17":0,"18":0,"19":1,"20":1,"21":1,"22":1,"23":0,"24":0,"25":0,"26":0,"27":0,"28":0},"f":{"0":0,"1":0,"2":0,"3":0,"4":1},"b":{"0":[1,0],"1":[0,0],"2":[0,0],"3":[0,0]},"_coverageSchema":"1a1c01bbd47fc00a2c39e90264f33305004495a9","hash":"6b4141c25d75d6652a45539f369752c6d2725c74"}
}
