{"C:\\Users\\cefalo\\Desktop\\New folder\\Daily-Stories\\config\\mysqlConfig.js": {"path":"C:\\Users\\cefalo\\Desktop\\New folder\\Daily-Stories\\config\\mysqlConfig.js","statementMap":{"0":{"start":{"line":1,"column":0},"end":{"line":7,"column":2}}},"fnMap":{},"branchMap":{},"s":{"0":4},"f":{},"b":{},"_coverageSchema":"1a1c01bbd47fc00a2c39e90264f33305004495a9","hash":"4b93493205d35e11dfb0ebc60a9d7e958000cc4b"}
,"C:\\Users\\cefalo\\Desktop\\New folder\\Daily-Stories\\controllers\\storyController.js": {"path":"C:\\Users\\cefalo\\Desktop\\New folder\\Daily-Stories\\controllers\\storyController.js","statementMap":{"0":{"start":{"line":3,"column":19},"end":{"line":3,"column":49}},"1":{"start":{"line":4,"column":17},"end":{"line":4,"column":45}},"2":{"start":{"line":5,"column":24},"end":{"line":5,"column":59}},"3":{"start":{"line":7,"column":24},"end":{"line":7,"column":53}},"4":{"start":{"line":9,"column":0},"end":{"line":13,"column":3}},"5":{"start":{"line":10,"column":19},"end":{"line":10,"column":58}},"6":{"start":{"line":12,"column":2},"end":{"line":12,"column":75}},"7":{"start":{"line":15,"column":0},"end":{"line":19,"column":3}},"8":{"start":{"line":16,"column":18},"end":{"line":16,"column":49}},"9":{"start":{"line":18,"column":2},"end":{"line":18,"column":73}},"10":{"start":{"line":21,"column":0},"end":{"line":27,"column":3}},"11":{"start":{"line":22,"column":16},"end":{"line":22,"column":57}},"12":{"start":{"line":24,"column":2},"end":{"line":24,"column":76}},"13":{"start":{"line":24,"column":14},"end":{"line":24,"column":76}},"14":{"start":{"line":26,"column":2},"end":{"line":26,"column":69}},"15":{"start":{"line":29,"column":0},"end":{"line":44,"column":3}},"16":{"start":{"line":30,"column":16},"end":{"line":30,"column":70}},"17":{"start":{"line":32,"column":2},"end":{"line":34,"column":3}},"18":{"start":{"line":33,"column":4},"end":{"line":33,"column":66}},"19":{"start":{"line":35,"column":15},"end":{"line":35,"column":56}},"20":{"start":{"line":36,"column":2},"end":{"line":43,"column":4}},"21":{"start":{"line":46,"column":0},"end":{"line":52,"column":3}},"22":{"start":{"line":47,"column":16},"end":{"line":47,"column":60}},"23":{"start":{"line":49,"column":2},"end":{"line":49,"column":76}},"24":{"start":{"line":49,"column":14},"end":{"line":49,"column":76}},"25":{"start":{"line":51,"column":2},"end":{"line":51,"column":51}}},"fnMap":{"0":{"name":"(anonymous_0)","decl":{"start":{"line":9,"column":33},"end":{"line":9,"column":34}},"loc":{"start":{"line":9,"column":59},"end":{"line":13,"column":1}},"line":9},"1":{"name":"(anonymous_1)","decl":{"start":{"line":15,"column":33},"end":{"line":15,"column":34}},"loc":{"start":{"line":15,"column":59},"end":{"line":19,"column":1}},"line":15},"2":{"name":"(anonymous_2)","decl":{"start":{"line":21,"column":30},"end":{"line":21,"column":31}},"loc":{"start":{"line":21,"column":56},"end":{"line":27,"column":1}},"line":21},"3":{"name":"(anonymous_3)","decl":{"start":{"line":29,"column":33},"end":{"line":29,"column":34}},"loc":{"start":{"line":29,"column":59},"end":{"line":44,"column":1}},"line":29},"4":{"name":"(anonymous_4)","decl":{"start":{"line":46,"column":33},"end":{"line":46,"column":34}},"loc":{"start":{"line":46,"column":59},"end":{"line":52,"column":1}},"line":46}},"branchMap":{"0":{"loc":{"start":{"line":24,"column":2},"end":{"line":24,"column":76}},"type":"if","locations":[{"start":{"line":24,"column":2},"end":{"line":24,"column":76}},{"start":{},"end":{}}],"line":24},"1":{"loc":{"start":{"line":32,"column":2},"end":{"line":34,"column":3}},"type":"if","locations":[{"start":{"line":32,"column":2},"end":{"line":34,"column":3}},{"start":{},"end":{}}],"line":32},"2":{"loc":{"start":{"line":49,"column":2},"end":{"line":49,"column":76}},"type":"if","locations":[{"start":{"line":49,"column":2},"end":{"line":49,"column":76}},{"start":{},"end":{}}],"line":49}},"s":{"0":1,"1":1,"2":1,"3":1,"4":1,"5":1,"6":1,"7":1,"8":1,"9":1,"10":1,"11":2,"12":2,"13":1,"14":1,"15":1,"16":2,"17":2,"18":1,"19":1,"20":1,"21":1,"22":2,"23":2,"24":1,"25":1},"f":{"0":1,"1":1,"2":2,"3":2,"4":2},"b":{"0":[1,1],"1":[1,1],"2":[1,1]},"_coverageSchema":"1a1c01bbd47fc00a2c39e90264f33305004495a9","hash":"9d8d94b258bfb27590e6f41609bd486acfa8bd60"}
,"C:\\Users\\cefalo\\Desktop\\New folder\\Daily-Stories\\controllers\\userController.js": {"path":"C:\\Users\\cefalo\\Desktop\\New folder\\Daily-Stories\\controllers\\userController.js","statementMap":{"0":{"start":{"line":4,"column":19},"end":{"line":4,"column":49}},"1":{"start":{"line":5,"column":17},"end":{"line":5,"column":45}},"2":{"start":{"line":6,"column":24},"end":{"line":6,"column":59}},"3":{"start":{"line":7,"column":21},"end":{"line":7,"column":53}},"4":{"start":{"line":9,"column":23},"end":{"line":9,"column":52}},"5":{"start":{"line":11,"column":0},"end":{"line":16,"column":3}},"6":{"start":{"line":12,"column":15},"end":{"line":12,"column":52}},"7":{"start":{"line":13,"column":16},"end":{"line":13,"column":60}},"8":{"start":{"line":14,"column":2},"end":{"line":14,"column":21}},"9":{"start":{"line":15,"column":2},"end":{"line":15,"column":77}},"10":{"start":{"line":18,"column":0},"end":{"line":22,"column":3}},"11":{"start":{"line":19,"column":16},"end":{"line":19,"column":45}},"12":{"start":{"line":21,"column":2},"end":{"line":21,"column":76}},"13":{"start":{"line":24,"column":0},"end":{"line":30,"column":3}},"14":{"start":{"line":25,"column":15},"end":{"line":25,"column":54}},"15":{"start":{"line":27,"column":2},"end":{"line":27,"column":74}},"16":{"start":{"line":27,"column":13},"end":{"line":27,"column":74}},"17":{"start":{"line":29,"column":2},"end":{"line":29,"column":74}},"18":{"start":{"line":32,"column":0},"end":{"line":49,"column":3}},"19":{"start":{"line":33,"column":15},"end":{"line":33,"column":67}},"20":{"start":{"line":35,"column":2},"end":{"line":35,"column":77}},"21":{"start":{"line":35,"column":16},"end":{"line":35,"column":77}},"22":{"start":{"line":37,"column":15},"end":{"line":37,"column":54}},"23":{"start":{"line":39,"column":16},"end":{"line":39,"column":60}},"24":{"start":{"line":40,"column":2},"end":{"line":40,"column":21}},"25":{"start":{"line":41,"column":2},"end":{"line":48,"column":4}},"26":{"start":{"line":51,"column":0},"end":{"line":57,"column":3}},"27":{"start":{"line":52,"column":15},"end":{"line":52,"column":57}},"28":{"start":{"line":54,"column":2},"end":{"line":54,"column":74}},"29":{"start":{"line":54,"column":13},"end":{"line":54,"column":74}},"30":{"start":{"line":56,"column":2},"end":{"line":56,"column":58}}},"fnMap":{"0":{"name":"(anonymous_0)","decl":{"start":{"line":11,"column":32},"end":{"line":11,"column":33}},"loc":{"start":{"line":11,"column":58},"end":{"line":16,"column":1}},"line":11},"1":{"name":"(anonymous_1)","decl":{"start":{"line":18,"column":32},"end":{"line":18,"column":33}},"loc":{"start":{"line":18,"column":58},"end":{"line":22,"column":1}},"line":18},"2":{"name":"(anonymous_2)","decl":{"start":{"line":24,"column":29},"end":{"line":24,"column":30}},"loc":{"start":{"line":24,"column":55},"end":{"line":30,"column":1}},"line":24},"3":{"name":"(anonymous_3)","decl":{"start":{"line":32,"column":32},"end":{"line":32,"column":33}},"loc":{"start":{"line":32,"column":58},"end":{"line":49,"column":1}},"line":32},"4":{"name":"(anonymous_4)","decl":{"start":{"line":51,"column":32},"end":{"line":51,"column":33}},"loc":{"start":{"line":51,"column":58},"end":{"line":57,"column":1}},"line":51}},"branchMap":{"0":{"loc":{"start":{"line":27,"column":2},"end":{"line":27,"column":74}},"type":"if","locations":[{"start":{"line":27,"column":2},"end":{"line":27,"column":74}},{"start":{},"end":{}}],"line":27},"1":{"loc":{"start":{"line":35,"column":2},"end":{"line":35,"column":77}},"type":"if","locations":[{"start":{"line":35,"column":2},"end":{"line":35,"column":77}},{"start":{},"end":{}}],"line":35},"2":{"loc":{"start":{"line":54,"column":2},"end":{"line":54,"column":74}},"type":"if","locations":[{"start":{"line":54,"column":2},"end":{"line":54,"column":74}},{"start":{},"end":{}}],"line":54}},"s":{"0":1,"1":1,"2":1,"3":1,"4":1,"5":1,"6":1,"7":1,"8":1,"9":1,"10":1,"11":1,"12":1,"13":1,"14":2,"15":2,"16":1,"17":1,"18":1,"19":2,"20":2,"21":1,"22":1,"23":1,"24":1,"25":1,"26":1,"27":2,"28":2,"29":1,"30":1},"f":{"0":1,"1":1,"2":2,"3":2,"4":2},"b":{"0":[1,1],"1":[1,1],"2":[1,1]},"_coverageSchema":"1a1c01bbd47fc00a2c39e90264f33305004495a9","hash":"d756c916e7616c8a6174442c269e277f4fabb086"}
,"C:\\Users\\cefalo\\Desktop\\New folder\\Daily-Stories\\data\\stories.js": {"path":"C:\\Users\\cefalo\\Desktop\\New folder\\Daily-Stories\\data\\stories.js","statementMap":{"0":{"start":{"line":28,"column":0},"end":{"line":83,"column":2}},"1":{"start":{"line":85,"column":0},"end":{"line":100,"column":2}}},"fnMap":{},"branchMap":{},"s":{"0":3,"1":3},"f":{},"b":{},"_coverageSchema":"1a1c01bbd47fc00a2c39e90264f33305004495a9","hash":"89a4ee6fff47937d20a5770b7ead1c4729e3288a"}
,"C:\\Users\\cefalo\\Desktop\\New folder\\Daily-Stories\\data\\users.js": {"path":"C:\\Users\\cefalo\\Desktop\\New folder\\Daily-Stories\\data\\users.js","statementMap":{"0":{"start":{"line":34,"column":0},"end":{"line":89,"column":2}},"1":{"start":{"line":91,"column":0},"end":{"line":107,"column":2}},"2":{"start":{"line":108,"column":0},"end":{"line":114,"column":2}}},"fnMap":{},"branchMap":{},"s":{"0":3,"1":3,"2":3},"f":{},"b":{},"_coverageSchema":"1a1c01bbd47fc00a2c39e90264f33305004495a9","hash":"e57c4dc0390da1525ade152e678ae2639c091ab0"}
,"C:\\Users\\cefalo\\Desktop\\New folder\\Daily-Stories\\database\\driver.js": {"path":"C:\\Users\\cefalo\\Desktop\\New folder\\Daily-Stories\\database\\driver.js","statementMap":{"0":{"start":{"line":1,"column":18},"end":{"line":1,"column":36}},"1":{"start":{"line":2,"column":21},"end":{"line":2,"column":56}},"2":{"start":{"line":3,"column":20},"end":{"line":3,"column":54}},"3":{"start":{"line":5,"column":20},"end":{"line":5,"column":31}},"4":{"start":{"line":7,"column":0},"end":{"line":7,"column":61}},"5":{"start":{"line":8,"column":0},"end":{"line":8,"column":58}},"6":{"start":{"line":9,"column":0},"end":{"line":9,"column":34}}},"fnMap":{},"branchMap":{},"s":{"0":4,"1":4,"2":4,"3":4,"4":4,"5":4,"6":4},"f":{},"b":{},"_coverageSchema":"1a1c01bbd47fc00a2c39e90264f33305004495a9","hash":"6616dba23d3563a6ef00256ef9a7705ca26fbc99"}
,"C:\\Users\\cefalo\\Desktop\\New folder\\Daily-Stories\\database\\mysql.js": {"path":"C:\\Users\\cefalo\\Desktop\\New folder\\Daily-Stories\\database\\mysql.js","statementMap":{"0":{"start":{"line":1,"column":18},"end":{"line":1,"column":38}},"1":{"start":{"line":2,"column":17},"end":{"line":2,"column":49}},"2":{"start":{"line":3,"column":19},"end":{"line":3,"column":50}},"3":{"start":{"line":4,"column":18},"end":{"line":4,"column":48}},"4":{"start":{"line":6,"column":17},"end":{"line":9,"column":2}},"5":{"start":{"line":19,"column":11},"end":{"line":19,"column":13}},"6":{"start":{"line":20,"column":0},"end":{"line":20,"column":23}},"7":{"start":{"line":21,"column":0},"end":{"line":21,"column":52}},"8":{"start":{"line":22,"column":0},"end":{"line":22,"column":49}},"9":{"start":{"line":26,"column":4},"end":{"line":26,"column":17}},"10":{"start":{"line":30,"column":0},"end":{"line":30,"column":37}}},"fnMap":{"0":{"name":"(anonymous_0)","decl":{"start":{"line":25,"column":2},"end":{"line":25,"column":3}},"loc":{"start":{"line":25,"column":16},"end":{"line":27,"column":3}},"line":25}},"branchMap":{},"s":{"0":4,"1":4,"2":4,"3":4,"4":4,"5":4,"6":4,"7":4,"8":4,"9":4,"10":4},"f":{"0":4},"b":{},"_coverageSchema":"1a1c01bbd47fc00a2c39e90264f33305004495a9","hash":"e280bf005d4cf281749d8616d3ff9cf1829d5e0e"}
,"C:\\Users\\cefalo\\Desktop\\New folder\\Daily-Stories\\models\\storyModel.js": {"path":"C:\\Users\\cefalo\\Desktop\\New folder\\Daily-Stories\\models\\storyModel.js","statementMap":{"0":{"start":{"line":1,"column":18},"end":{"line":1,"column":38}},"1":{"start":{"line":5,"column":4},"end":{"line":20,"column":7}},"2":{"start":{"line":24,"column":4},"end":{"line":24,"column":22}},"3":{"start":{"line":28,"column":0},"end":{"line":28,"column":28}}},"fnMap":{"0":{"name":"(anonymous_0)","decl":{"start":{"line":4,"column":2},"end":{"line":4,"column":3}},"loc":{"start":{"line":4,"column":18},"end":{"line":21,"column":3}},"line":4},"1":{"name":"(anonymous_1)","decl":{"start":{"line":23,"column":2},"end":{"line":23,"column":3}},"loc":{"start":{"line":23,"column":18},"end":{"line":25,"column":3}},"line":23}},"branchMap":{},"s":{"0":4,"1":4,"2":4,"3":4},"f":{"0":4,"1":4},"b":{},"_coverageSchema":"1a1c01bbd47fc00a2c39e90264f33305004495a9","hash":"2ec5f120b985d1527267dee07df31eb363f50cc5"}
,"C:\\Users\\cefalo\\Desktop\\New folder\\Daily-Stories\\models\\userModel.js": {"path":"C:\\Users\\cefalo\\Desktop\\New folder\\Daily-Stories\\models\\userModel.js","statementMap":{"0":{"start":{"line":1,"column":18},"end":{"line":1,"column":38}},"1":{"start":{"line":5,"column":4},"end":{"line":30,"column":7}},"2":{"start":{"line":34,"column":4},"end":{"line":34,"column":21}},"3":{"start":{"line":38,"column":0},"end":{"line":38,"column":27}}},"fnMap":{"0":{"name":"(anonymous_0)","decl":{"start":{"line":4,"column":2},"end":{"line":4,"column":3}},"loc":{"start":{"line":4,"column":18},"end":{"line":31,"column":3}},"line":4},"1":{"name":"(anonymous_1)","decl":{"start":{"line":33,"column":2},"end":{"line":33,"column":3}},"loc":{"start":{"line":33,"column":17},"end":{"line":35,"column":3}},"line":33}},"branchMap":{},"s":{"0":4,"1":4,"2":4,"3":4},"f":{"0":4,"1":4},"b":{},"_coverageSchema":"1a1c01bbd47fc00a2c39e90264f33305004495a9","hash":"8e057833c2484d4aecb5234e82292131dcbc1463"}
,"C:\\Users\\cefalo\\Desktop\\New folder\\Daily-Stories\\services\\storyService.js": {"path":"C:\\Users\\cefalo\\Desktop\\New folder\\Daily-Stories\\services\\storyService.js","statementMap":{"0":{"start":{"line":3,"column":4},"end":{"line":3,"column":33}},"1":{"start":{"line":6,"column":16},"end":{"line":10,"column":3}},"2":{"start":{"line":7,"column":21},"end":{"line":7,"column":58}},"3":{"start":{"line":9,"column":4},"end":{"line":9,"column":31}},"4":{"start":{"line":12,"column":16},"end":{"line":20,"column":3}},"5":{"start":{"line":13,"column":17},"end":{"line":13,"column":48}},"6":{"start":{"line":15,"column":18},"end":{"line":17,"column":6}},"7":{"start":{"line":16,"column":6},"end":{"line":16,"column":29}},"8":{"start":{"line":19,"column":4},"end":{"line":19,"column":19}},"9":{"start":{"line":22,"column":13},"end":{"line":26,"column":3}},"10":{"start":{"line":23,"column":18},"end":{"line":23,"column":66}},"11":{"start":{"line":25,"column":4},"end":{"line":25,"column":28}},"12":{"start":{"line":28,"column":16},"end":{"line":32,"column":3}},"13":{"start":{"line":29,"column":18},"end":{"line":29,"column":71}},"14":{"start":{"line":31,"column":4},"end":{"line":31,"column":17}},"15":{"start":{"line":34,"column":16},"end":{"line":40,"column":3}},"16":{"start":{"line":35,"column":18},"end":{"line":37,"column":6}},"17":{"start":{"line":39,"column":4},"end":{"line":39,"column":17}},"18":{"start":{"line":43,"column":0},"end":{"line":43,"column":30}}},"fnMap":{"0":{"name":"(anonymous_0)","decl":{"start":{"line":2,"column":2},"end":{"line":2,"column":3}},"loc":{"start":{"line":2,"column":26},"end":{"line":4,"column":3}},"line":2},"1":{"name":"(anonymous_1)","decl":{"start":{"line":6,"column":16},"end":{"line":6,"column":17}},"loc":{"start":{"line":6,"column":35},"end":{"line":10,"column":3}},"line":6},"2":{"name":"(anonymous_2)","decl":{"start":{"line":12,"column":16},"end":{"line":12,"column":17}},"loc":{"start":{"line":12,"column":28},"end":{"line":20,"column":3}},"line":12},"3":{"name":"(anonymous_3)","decl":{"start":{"line":15,"column":27},"end":{"line":15,"column":28}},"loc":{"start":{"line":15,"column":43},"end":{"line":17,"column":5}},"line":15},"4":{"name":"(anonymous_4)","decl":{"start":{"line":22,"column":13},"end":{"line":22,"column":14}},"loc":{"start":{"line":22,"column":27},"end":{"line":26,"column":3}},"line":22},"5":{"name":"(anonymous_5)","decl":{"start":{"line":28,"column":16},"end":{"line":28,"column":17}},"loc":{"start":{"line":28,"column":36},"end":{"line":32,"column":3}},"line":28},"6":{"name":"(anonymous_6)","decl":{"start":{"line":34,"column":16},"end":{"line":34,"column":17}},"loc":{"start":{"line":34,"column":30},"end":{"line":40,"column":3}},"line":34}},"branchMap":{},"s":{"0":4,"1":4,"2":1,"3":1,"4":4,"5":1,"6":1,"7":3,"8":1,"9":4,"10":1,"11":1,"12":4,"13":1,"14":1,"15":4,"16":1,"17":1,"18":4},"f":{"0":4,"1":1,"2":1,"3":3,"4":1,"5":1,"6":1},"b":{},"_coverageSchema":"1a1c01bbd47fc00a2c39e90264f33305004495a9","hash":"9985dfbe2b40a2baa19cd563bdd94e18131f5a2a"}
,"C:\\Users\\cefalo\\Desktop\\New folder\\Daily-Stories\\services\\userService.js": {"path":"C:\\Users\\cefalo\\Desktop\\New folder\\Daily-Stories\\services\\userService.js","statementMap":{"0":{"start":{"line":1,"column":15},"end":{"line":1,"column":34}},"1":{"start":{"line":5,"column":4},"end":{"line":5,"column":31}},"2":{"start":{"line":8,"column":15},"end":{"line":18,"column":3}},"3":{"start":{"line":9,"column":20},"end":{"line":13,"column":5}},"4":{"start":{"line":15,"column":17},"end":{"line":15,"column":53}},"5":{"start":{"line":17,"column":4},"end":{"line":17,"column":27}},"6":{"start":{"line":20,"column":15},"end":{"line":31,"column":3}},"7":{"start":{"line":21,"column":17},"end":{"line":21,"column":47}},"8":{"start":{"line":26,"column":16},"end":{"line":28,"column":6}},"9":{"start":{"line":27,"column":6},"end":{"line":27,"column":29}},"10":{"start":{"line":30,"column":4},"end":{"line":30,"column":17}},"11":{"start":{"line":33,"column":12},"end":{"line":37,"column":3}},"12":{"start":{"line":34,"column":17},"end":{"line":34,"column":64}},"13":{"start":{"line":36,"column":4},"end":{"line":36,"column":27}},"14":{"start":{"line":39,"column":15},"end":{"line":50,"column":3}},"15":{"start":{"line":40,"column":20},"end":{"line":44,"column":5}},"16":{"start":{"line":45,"column":17},"end":{"line":47,"column":6}},"17":{"start":{"line":49,"column":4},"end":{"line":49,"column":16}},"18":{"start":{"line":52,"column":15},"end":{"line":58,"column":3}},"19":{"start":{"line":53,"column":17},"end":{"line":55,"column":6}},"20":{"start":{"line":57,"column":4},"end":{"line":57,"column":16}},"21":{"start":{"line":61,"column":0},"end":{"line":61,"column":29}}},"fnMap":{"0":{"name":"(anonymous_0)","decl":{"start":{"line":4,"column":2},"end":{"line":4,"column":3}},"loc":{"start":{"line":4,"column":25},"end":{"line":6,"column":3}},"line":4},"1":{"name":"(anonymous_1)","decl":{"start":{"line":8,"column":15},"end":{"line":8,"column":16}},"loc":{"start":{"line":8,"column":31},"end":{"line":18,"column":3}},"line":8},"2":{"name":"(anonymous_2)","decl":{"start":{"line":20,"column":15},"end":{"line":20,"column":16}},"loc":{"start":{"line":20,"column":27},"end":{"line":31,"column":3}},"line":20},"3":{"name":"(anonymous_3)","decl":{"start":{"line":26,"column":25},"end":{"line":26,"column":26}},"loc":{"start":{"line":26,"column":41},"end":{"line":28,"column":5}},"line":26},"4":{"name":"(anonymous_4)","decl":{"start":{"line":33,"column":12},"end":{"line":33,"column":13}},"loc":{"start":{"line":33,"column":26},"end":{"line":37,"column":3}},"line":33},"5":{"name":"(anonymous_5)","decl":{"start":{"line":39,"column":15},"end":{"line":39,"column":16}},"loc":{"start":{"line":39,"column":35},"end":{"line":50,"column":3}},"line":39},"6":{"name":"(anonymous_6)","decl":{"start":{"line":52,"column":15},"end":{"line":52,"column":16}},"loc":{"start":{"line":52,"column":29},"end":{"line":58,"column":3}},"line":52}},"branchMap":{},"s":{"0":4,"1":4,"2":4,"3":1,"4":1,"5":1,"6":4,"7":1,"8":1,"9":3,"10":1,"11":4,"12":1,"13":1,"14":4,"15":1,"16":1,"17":1,"18":4,"19":1,"20":1,"21":4},"f":{"0":4,"1":1,"2":1,"3":3,"4":1,"5":1,"6":1},"b":{},"_coverageSchema":"1a1c01bbd47fc00a2c39e90264f33305004495a9","hash":"4743a1afdff97a765b4412e4fa9de59a6eaa111e"}
,"C:\\Users\\cefalo\\Desktop\\New folder\\Daily-Stories\\utils\\appError.js": {"path":"C:\\Users\\cefalo\\Desktop\\New folder\\Daily-Stories\\utils\\appError.js","statementMap":{"0":{"start":{"line":3,"column":4},"end":{"line":3,"column":19}},"1":{"start":{"line":5,"column":4},"end":{"line":5,"column":33}},"2":{"start":{"line":6,"column":4},"end":{"line":6,"column":69}},"3":{"start":{"line":7,"column":4},"end":{"line":7,"column":30}},"4":{"start":{"line":8,"column":4},"end":{"line":8,"column":52}},"5":{"start":{"line":11,"column":0},"end":{"line":11,"column":26}}},"fnMap":{"0":{"name":"(anonymous_0)","decl":{"start":{"line":2,"column":2},"end":{"line":2,"column":3}},"loc":{"start":{"line":2,"column":35},"end":{"line":9,"column":3}},"line":2}},"branchMap":{"0":{"loc":{"start":{"line":6,"column":18},"end":{"line":6,"column":68}},"type":"cond-expr","locations":[{"start":{"line":6,"column":52},"end":{"line":6,"column":58}},{"start":{"line":6,"column":61},"end":{"line":6,"column":68}}],"line":6}},"s":{"0":6,"1":6,"2":6,"3":6,"4":6,"5":2},"f":{"0":6},"b":{"0":[6,0]},"_coverageSchema":"1a1c01bbd47fc00a2c39e90264f33305004495a9","hash":"483a20ddd5bd5ff5abfbd1062bbea97f29be4504"}
,"C:\\Users\\cefalo\\Desktop\\New folder\\Daily-Stories\\utils\\catchAsync.js": {"path":"C:\\Users\\cefalo\\Desktop\\New folder\\Daily-Stories\\utils\\catchAsync.js","statementMap":{"0":{"start":{"line":1,"column":0},"end":{"line":7,"column":2}},"1":{"start":{"line":1,"column":25},"end":{"line":7,"column":1}},"2":{"start":{"line":2,"column":2},"end":{"line":6,"column":3}},"3":{"start":{"line":3,"column":4},"end":{"line":3,"column":36}},"4":{"start":{"line":5,"column":4},"end":{"line":5,"column":14}}},"fnMap":{"0":{"name":"(anonymous_0)","decl":{"start":{"line":1,"column":17},"end":{"line":1,"column":18}},"loc":{"start":{"line":1,"column":25},"end":{"line":7,"column":1}},"line":1},"1":{"name":"(anonymous_1)","decl":{"start":{"line":1,"column":25},"end":{"line":1,"column":26}},"loc":{"start":{"line":1,"column":51},"end":{"line":7,"column":1}},"line":1}},"branchMap":{},"s":{"0":2,"1":10,"2":16,"3":16,"4":0},"f":{"0":10,"1":16},"b":{},"_coverageSchema":"1a1c01bbd47fc00a2c39e90264f33305004495a9","hash":"c5dfccf00ce7f3497613c1309ac67020403e5c87"}
,"C:\\Users\\cefalo\\Desktop\\New folder\\Daily-Stories\\utils\\responseHandler.js": {"path":"C:\\Users\\cefalo\\Desktop\\New folder\\Daily-Stories\\utils\\responseHandler.js","statementMap":{"0":{"start":{"line":1,"column":23},"end":{"line":1,"column":46}},"1":{"start":{"line":2,"column":18},"end":{"line":2,"column":41}},"2":{"start":{"line":3,"column":23},"end":{"line":3,"column":52}},"3":{"start":{"line":5,"column":25},"end":{"line":14,"column":1}},"4":{"start":{"line":7,"column":2},"end":{"line":7,"column":45}},"5":{"start":{"line":8,"column":19},"end":{"line":12,"column":4}},"6":{"start":{"line":13,"column":2},"end":{"line":13,"column":47}},"7":{"start":{"line":16,"column":24},"end":{"line":25,"column":1}},"8":{"start":{"line":18,"column":2},"end":{"line":18,"column":51}},"9":{"start":{"line":19,"column":18},"end":{"line":23,"column":4}},"10":{"start":{"line":24,"column":2},"end":{"line":24,"column":46}},"11":{"start":{"line":27,"column":25},"end":{"line":39,"column":1}},"12":{"start":{"line":29,"column":2},"end":{"line":29,"column":46}},"13":{"start":{"line":30,"column":19},"end":{"line":36,"column":3}},"14":{"start":{"line":37,"column":24},"end":{"line":37,"column":60}},"15":{"start":{"line":38,"column":2},"end":{"line":38,"column":52}},"16":{"start":{"line":41,"column":25},"end":{"line":49,"column":1}},"17":{"start":{"line":43,"column":2},"end":{"line":43,"column":52}},"18":{"start":{"line":44,"column":2},"end":{"line":48,"column":5}},"19":{"start":{"line":50,"column":0},"end":{"line":61,"column":2}},"20":{"start":{"line":51,"column":24},"end":{"line":51,"column":43}},"21":{"start":{"line":53,"column":2},"end":{"line":60,"column":80}},"22":{"start":{"line":54,"column":4},"end":{"line":54,"column":79}},"23":{"start":{"line":55,"column":9},"end":{"line":60,"column":80}},"24":{"start":{"line":56,"column":4},"end":{"line":56,"column":80}},"25":{"start":{"line":57,"column":9},"end":{"line":60,"column":80}},"26":{"start":{"line":58,"column":4},"end":{"line":58,"column":80}},"27":{"start":{"line":60,"column":4},"end":{"line":60,"column":80}}},"fnMap":{"0":{"name":"(anonymous_0)","decl":{"start":{"line":5,"column":25},"end":{"line":5,"column":26}},"loc":{"start":{"line":5,"column":74},"end":{"line":14,"column":1}},"line":5},"1":{"name":"(anonymous_1)","decl":{"start":{"line":16,"column":24},"end":{"line":16,"column":25}},"loc":{"start":{"line":16,"column":73},"end":{"line":25,"column":1}},"line":16},"2":{"name":"(anonymous_2)","decl":{"start":{"line":27,"column":25},"end":{"line":27,"column":26}},"loc":{"start":{"line":27,"column":74},"end":{"line":39,"column":1}},"line":27},"3":{"name":"(anonymous_3)","decl":{"start":{"line":41,"column":25},"end":{"line":41,"column":26}},"loc":{"start":{"line":41,"column":74},"end":{"line":49,"column":1}},"line":41},"4":{"name":"(anonymous_4)","decl":{"start":{"line":50,"column":17},"end":{"line":50,"column":18}},"loc":{"start":{"line":50,"column":66},"end":{"line":61,"column":1}},"line":50}},"branchMap":{"0":{"loc":{"start":{"line":51,"column":24},"end":{"line":51,"column":43}},"type":"binary-expr","locations":[{"start":{"line":51,"column":24},"end":{"line":51,"column":30}},{"start":{"line":51,"column":34},"end":{"line":51,"column":43}}],"line":51},"1":{"loc":{"start":{"line":53,"column":2},"end":{"line":60,"column":80}},"type":"if","locations":[{"start":{"line":53,"column":2},"end":{"line":60,"column":80}},{"start":{"line":55,"column":9},"end":{"line":60,"column":80}}],"line":53},"2":{"loc":{"start":{"line":55,"column":9},"end":{"line":60,"column":80}},"type":"if","locations":[{"start":{"line":55,"column":9},"end":{"line":60,"column":80}},{"start":{"line":57,"column":9},"end":{"line":60,"column":80}}],"line":55},"3":{"loc":{"start":{"line":57,"column":9},"end":{"line":60,"column":80}},"type":"if","locations":[{"start":{"line":57,"column":9},"end":{"line":60,"column":80}},{"start":{"line":60,"column":4},"end":{"line":60,"column":80}}],"line":57}},"s":{"0":3,"1":3,"2":3,"3":3,"4":1,"5":1,"6":1,"7":3,"8":1,"9":1,"10":1,"11":3,"12":1,"13":1,"14":1,"15":1,"16":3,"17":1,"18":1,"19":3,"20":4,"21":4,"22":1,"23":3,"24":1,"25":2,"26":1,"27":1},"f":{"0":1,"1":1,"2":1,"3":1,"4":4},"b":{"0":[4,4],"1":[1,3],"2":[1,2],"3":[1,1]},"_coverageSchema":"1a1c01bbd47fc00a2c39e90264f33305004495a9","hash":"e601cbfb38d1dc9d1c8f2d25edb0a5144ffee0e7"}
,"C:\\Users\\cefalo\\Desktop\\New folder\\Daily-Stories\\utils\\tokenHandler.js": {"path":"C:\\Users\\cefalo\\Desktop\\New folder\\Daily-Stories\\utils\\tokenHandler.js","statementMap":{"0":{"start":{"line":1,"column":12},"end":{"line":1,"column":35}},"1":{"start":{"line":3,"column":0},"end":{"line":8,"column":2}},"2":{"start":{"line":4,"column":16},"end":{"line":6,"column":4}},"3":{"start":{"line":7,"column":2},"end":{"line":7,"column":15}},"4":{"start":{"line":10,"column":0},"end":{"line":13,"column":2}},"5":{"start":{"line":11,"column":15},"end":{"line":11,"column":62}},"6":{"start":{"line":12,"column":2},"end":{"line":12,"column":14}}},"fnMap":{"0":{"name":"(anonymous_0)","decl":{"start":{"line":3,"column":22},"end":{"line":3,"column":23}},"loc":{"start":{"line":3,"column":42},"end":{"line":8,"column":1}},"line":3},"1":{"name":"(anonymous_1)","decl":{"start":{"line":10,"column":22},"end":{"line":10,"column":23}},"loc":{"start":{"line":10,"column":39},"end":{"line":13,"column":1}},"line":10}},"branchMap":{},"s":{"0":2,"1":2,"2":1,"3":1,"4":2,"5":1,"6":1},"f":{"0":1,"1":1},"b":{},"_coverageSchema":"1a1c01bbd47fc00a2c39e90264f33305004495a9","hash":"d25eadc8f1176b05a91088595d1fa6d8fd565e22"}
}
