TN:
SF:config\mysqlConfig.js
FNF:0
FNH:0
DA:1,4
LF:1
LH:1
BRF:0
BRH:0
end_of_record
TN:
SF:controllers\storyController.js
FN:9,(anonymous_0)
FN:15,(anonymous_1)
FN:21,(anonymous_2)
FN:29,(anonymous_3)
FN:46,(anonymous_4)
FNF:5
FNH:5
FNDA:1,(anonymous_0)
FNDA:1,(anonymous_1)
FNDA:2,(anonymous_2)
FNDA:2,(anonymous_3)
FNDA:2,(anonymous_4)
DA:3,1
DA:4,1
DA:5,1
DA:7,1
DA:9,1
DA:10,1
DA:12,1
DA:15,1
DA:16,1
DA:18,1
DA:21,1
DA:22,2
DA:24,2
DA:26,1
DA:29,1
DA:30,2
DA:32,2
DA:33,1
DA:35,1
DA:36,1
DA:46,1
DA:47,2
DA:49,2
DA:51,1
LF:24
LH:24
BRDA:24,0,0,1
BRDA:24,0,1,1
BRDA:32,1,0,1
BRDA:32,1,1,1
BRDA:49,2,0,1
BRDA:49,2,1,1
BRF:6
BRH:6
end_of_record
TN:
SF:controllers\userController.js
FN:11,(anonymous_0)
FN:18,(anonymous_1)
FN:24,(anonymous_2)
FN:32,(anonymous_3)
FN:51,(anonymous_4)
FNF:5
FNH:5
FNDA:1,(anonymous_0)
FNDA:1,(anonymous_1)
FNDA:2,(anonymous_2)
FNDA:2,(anonymous_3)
FNDA:2,(anonymous_4)
DA:4,1
DA:5,1
DA:6,1
DA:7,1
DA:9,1
DA:11,1
DA:12,1
DA:13,1
DA:14,1
DA:15,1
DA:18,1
DA:19,1
DA:21,1
DA:24,1
DA:25,2
DA:27,2
DA:29,1
DA:32,1
DA:33,2
DA:35,2
DA:37,1
DA:39,1
DA:40,1
DA:41,1
DA:51,1
DA:52,2
DA:54,2
DA:56,1
LF:28
LH:28
BRDA:27,0,0,1
BRDA:27,0,1,1
BRDA:35,1,0,1
BRDA:35,1,1,1
BRDA:54,2,0,1
BRDA:54,2,1,1
BRF:6
BRH:6
end_of_record
TN:
SF:data\stories.js
FNF:0
FNH:0
DA:28,3
DA:85,3
LF:2
LH:2
BRF:0
BRH:0
end_of_record
TN:
SF:data\users.js
FNF:0
FNH:0
DA:34,3
DA:91,3
DA:108,3
LF:3
LH:3
BRF:0
BRH:0
end_of_record
TN:
SF:database\driver.js
FNF:0
FNH:0
DA:1,4
DA:2,4
DA:3,4
DA:5,4
DA:7,4
DA:8,4
DA:9,4
LF:7
LH:7
BRF:0
BRH:0
end_of_record
TN:
SF:database\mysql.js
FN:25,(anonymous_0)
FNF:1
FNH:1
FNDA:4,(anonymous_0)
DA:1,4
DA:2,4
DA:3,4
DA:4,4
DA:6,4
DA:19,4
DA:20,4
DA:21,4
DA:22,4
DA:26,4
DA:30,4
LF:11
LH:11
BRF:0
BRH:0
end_of_record
TN:
SF:models\storyModel.js
FN:4,(anonymous_0)
FN:23,(anonymous_1)
FNF:2
FNH:2
FNDA:4,(anonymous_0)
FNDA:4,(anonymous_1)
DA:1,4
DA:5,4
DA:24,4
DA:28,4
LF:4
LH:4
BRF:0
BRH:0
end_of_record
TN:
SF:models\userModel.js
FN:4,(anonymous_0)
FN:33,(anonymous_1)
FNF:2
FNH:2
FNDA:4,(anonymous_0)
FNDA:4,(anonymous_1)
DA:1,4
DA:5,4
DA:34,4
DA:38,4
LF:4
LH:4
BRF:0
BRH:0
end_of_record
TN:
SF:services\storyService.js
FN:2,(anonymous_0)
FN:6,(anonymous_1)
FN:12,(anonymous_2)
FN:15,(anonymous_3)
FN:22,(anonymous_4)
FN:28,(anonymous_5)
FN:34,(anonymous_6)
FNF:7
FNH:7
FNDA:4,(anonymous_0)
FNDA:1,(anonymous_1)
FNDA:1,(anonymous_2)
FNDA:3,(anonymous_3)
FNDA:1,(anonymous_4)
FNDA:1,(anonymous_5)
FNDA:1,(anonymous_6)
DA:3,4
DA:6,4
DA:7,1
DA:9,1
DA:12,4
DA:13,1
DA:15,1
DA:16,3
DA:19,1
DA:22,4
DA:23,1
DA:25,1
DA:28,4
DA:29,1
DA:31,1
DA:34,4
DA:35,1
DA:39,1
DA:43,4
LF:19
LH:19
BRF:0
BRH:0
end_of_record
TN:
SF:services\userService.js
FN:4,(anonymous_0)
FN:8,(anonymous_1)
FN:20,(anonymous_2)
FN:26,(anonymous_3)
FN:33,(anonymous_4)
FN:39,(anonymous_5)
FN:52,(anonymous_6)
FNF:7
FNH:7
FNDA:4,(anonymous_0)
FNDA:1,(anonymous_1)
FNDA:1,(anonymous_2)
FNDA:3,(anonymous_3)
FNDA:1,(anonymous_4)
FNDA:1,(anonymous_5)
FNDA:1,(anonymous_6)
DA:1,4
DA:5,4
DA:8,4
DA:9,1
DA:15,1
DA:17,1
DA:20,4
DA:21,1
DA:26,1
DA:27,3
DA:30,1
DA:33,4
DA:34,1
DA:36,1
DA:39,4
DA:40,1
DA:45,1
DA:49,1
DA:52,4
DA:53,1
DA:57,1
DA:61,4
LF:22
LH:22
BRF:0
BRH:0
end_of_record
TN:
SF:utils\appError.js
FN:2,(anonymous_0)
FNF:1
FNH:1
FNDA:6,(anonymous_0)
DA:3,6
DA:5,6
DA:6,6
DA:7,6
DA:8,6
DA:11,2
LF:6
LH:6
BRDA:6,0,0,6
BRDA:6,0,1,0
BRF:2
BRH:1
end_of_record
TN:
SF:utils\catchAsync.js
FN:1,(anonymous_0)
FN:1,(anonymous_1)
FNF:2
FNH:2
FNDA:10,(anonymous_0)
FNDA:16,(anonymous_1)
DA:1,10
DA:2,16
DA:3,16
DA:5,0
LF:4
LH:3
BRF:0
BRH:0
end_of_record
TN:
SF:utils\responseHandler.js
FN:5,(anonymous_0)
FN:16,(anonymous_1)
FN:27,(anonymous_2)
FN:41,(anonymous_3)
FN:50,(anonymous_4)
FNF:5
FNH:5
FNDA:1,(anonymous_0)
FNDA:1,(anonymous_1)
FNDA:1,(anonymous_2)
FNDA:1,(anonymous_3)
FNDA:4,(anonymous_4)
DA:1,3
DA:2,3
DA:3,3
DA:5,3
DA:7,1
DA:8,1
DA:13,1
DA:16,3
DA:18,1
DA:19,1
DA:24,1
DA:27,3
DA:29,1
DA:30,1
DA:37,1
DA:38,1
DA:41,3
DA:43,1
DA:44,1
DA:50,3
DA:51,4
DA:53,4
DA:54,1
DA:55,3
DA:56,1
DA:57,2
DA:58,1
DA:60,1
LF:28
LH:28
BRDA:51,0,0,4
BRDA:51,0,1,4
BRDA:53,1,0,1
BRDA:53,1,1,3
BRDA:55,2,0,1
BRDA:55,2,1,2
BRDA:57,3,0,1
BRDA:57,3,1,1
BRF:8
BRH:8
end_of_record
TN:
SF:utils\tokenHandler.js
FN:3,(anonymous_0)
FN:10,(anonymous_1)
FNF:2
FNH:2
FNDA:1,(anonymous_0)
FNDA:1,(anonymous_1)
DA:1,2
DA:3,2
DA:4,1
DA:7,1
DA:10,2
DA:11,1
DA:12,1
LF:7
LH:7
BRF:0
BRH:0
end_of_record
